********************************************************************************
~~~~~~~~~~~~~~~~~~~~~~~~~~~~~~~~~~~ PyFESect ~~~~~~~~~~~~~~~~~~~~~~~~~~~~~~~~~~~
********************************************************************************

 PyFESect - Python-based Cross-platforms Section Analysis Software (v1.0.0) 
 Copyright © 2022 Siwei Liu, All Right Reserved.
 Last Revised: July 5, 2022 

********************************************************************************
~~~~~~~~~~~~~~~~~~~~~~~~~~~~~~~ MODEL INFORMATION ~~~~~~~~~~~~~~~~~~~~~~~~~~~~~~
********************************************************************************

* DESCRIPTION
    This example is provided for FESect testing

* SUMMARY
    NUM. OF POINTS....................................... = 16
    NUM. OF OUTLINES..................................... = 16
    NUM. OF MATERIALS.................................... = 2
    NUM. OF GROUPS....................................... = 2

* ANALYSIS PARAMETERS
    TYPE 000............................................. = BasicProperties
    TYPE 001............................................. = StressAnalysis
    TYPE 002............................................. = BucklingAnalysis
    TYPE 003............................................. = DynamicAnalysis
    TYPE 004............................................. = HeatTransfer
    TYPE 005............................................. = YieldSurface
    TYPE 006............................................. = MomentCurvature
    ELEMENT.............................................. = Tri3

* MATERIAL DEFINITION
	ID = 1; E = 2.0600e+05; G = 7.9230e+04; NU = 3.0000e-01;
	FY = 3.4500e+02; DENSITY = 7.9000e+03; ΕCU = 2.0000e-01;
    STRESS-STRAIN CURVE:
	STRAIN.			STRESS.
	0.0000e+00		1.0000e+00
	0.0000e+00		1.0000e+00
xxxxxxxxxxxxxxxxxxxxxxxxxxxxxxxxxxxxxxxxxx
	ID = 2; E = 3.6000e+04; G = 1.5000e+04; NU = 2.0000e-01;
	FY = 3.4500e+02; DENSITY = 7.9000e+03; ΕCU = 2.0000e-01;
    STRESS-STRAIN CURVE:
	STRAIN.			STRESS.
	0.0000e+00		1.0000e+00
	0.0000e+00		1.0000e+00

* POINT COORDINATES IN GLOBAL AXIS
	ID.		Y-COOR.			Z-COOR.
	1		0.0000e+00		0.0000e+00
	2		2.0000e+02		0.0000e+00
	3		2.0000e+02		2.0000e+02
	4		0.0000e+00		2.0000e+02
	5		3.0000e+01		3.0000e+01
	6		1.7000e+02		3.0000e+01
	7		1.7000e+02		4.2000e+01
	8		1.0500e+02		4.2000e+01
	9		1.0500e+02		1.5800e+02
	10		1.7000e+02		1.5800e+02
	11		1.7000e+02		1.7000e+02
	12		3.0000e+01		1.7000e+02
	13		3.0000e+01		1.5800e+02
	14		9.5000e+01		1.5800e+02
	15		9.5000e+01		4.2000e+01
	16		3.0000e+01		4.2000e+01

* OUTLINE DEFINITION
	ID.		POINTI.		POINTJ.		GROUP.		TYPE
	1		2			1			1			S
	2		2			3			1			S
	3		4			3			1			S
	4		4			1			1			S
	5		5			6			2			S
	6		6			7			2			S
	7		7			8			2			S
	8		8			9			2			S
	9		9			10			2			S
	10		10			11			2			S
	11		11			12			2			S
	12		12			13			2			S
	13		13			14			2			S
	14		14			15			2			S
	15		15			16			2			S
	16		16			5			2			S

* GROUP DEFINITION
	ID.		MATERIAL.
	1		1
	2		2

********************************************************************************
~~~~~~~~~~~~~~~~~~~~~~~~~~~~~~~ MESH INFORMATION ~~~~~~~~~~~~~~~~~~~~~~~~~~~~~~~
********************************************************************************

* SUMMARY
    MESH SIZE FOR GROUP 001.............................. = 0
    MESH SIZE FOR GROUP 002.............................. = 0
    AUTOMESH............................................. = Y

* AUTO MESH GENERATION
	STEP.	NUM. OF NODES.	NUM. OF ELEMENTS.	DIFF. RATIO.
	1		361				656					1.0000e+00
	2		519				970					1.5806e-03

********************************************************************************
~~~~~~~~~~~~~~~~~~~~~~~~~~~~~~~~ SOLUTION START ~~~~~~~~~~~~~~~~~~~~~~~~~~~~~~~~
********************************************************************************

Calculating Section Properties...
Calculating Torsion Properties...
Calculating Shear Properties...
Solving Shear Functions 519 × 519...
Solving Principle Shear Functions 519 × 519...

********************************************************************************
~~~~~~~~~~~~~~~~~~~~~~~~~~~~~~~ BASIC PROPERTIES ~~~~~~~~~~~~~~~~~~~~~~~~~~~~~~~
********************************************************************************

* GENERAL
	Cross-Section Area, A......................................... = 4.00000000e+04
	Centroid, Y................................................... = 1.00000000e+02
	Centroid, Z................................................... = 1.00000000e+02
	Plastic Centroid, Yp.......................................... = 1.00000000e+02
	Plastic Centroid, Zp.......................................... = 1.00000000e+02
	Shear Centre WRT Centroid, Ys................................. = 6.78343207e-03
	Shear Centre WRT Centroid, Zs................................. = -7.73362068e-04
	Torsional Constant, J......................................... = 2.25706650e+08
	Warping Constant, Iω.......................................... = 8.59101962e+09
	Principle bending angle (rad)................................. = 4.02772366e-02
	Principle bending angle (deg)................................. = 2.30771567e+00

* SECTION PROPERTIES ABOUT USER-DEFINED AXIS
	Moment of Inertia, Iy......................................... = 1.33333333e+08
	Moment of Inertia, Iz......................................... = 1.33333333e+08
	Product of Inertia, Iyz....................................... = 5.41331246e-09
	Elastic Section Modulus, Sy................................... = 1.33333333e+06
	Elastic Section Modulus, Sz................................... = 1.33333333e+06
	Plastic Section Modulus, Zy................................... = 2.00000000e+06
	Plastic Section Modulus, Zz................................... = 2.00000000e+06
	Radius of Gyration, ry........................................ = 5.77350269e+01
	Radius of Gyration, rz........................................ = 5.77350269e+01
	Wagner Coefficient, βy........................................ = 1.54672414e-03
	Wagner Coefficient, βz........................................ = -1.35668641e-02
	Wagner Coefficient, βω........................................ = 2.49798470e-03
	Shear Coefficient, ky......................................... = 8.29529031e-01
	Shear Coefficient, kz......................................... = 8.29730341e-01

* SECTION PROPERTIES ABOUT PRINCIPAL AXIS
	Principle moment of inertia, Iv............................... = 1.33333333e+08
	Principle moment of inertia, Iw............................... = 1.33333333e+08
	Principle product of inertia, Ivw............................. = -2.76486389e-09
	Principle elastic section modulus, Sv......................... = 1.28272307e+06
	Principle elastic section modulus, Sw......................... = 1.28272307e+06
	Principle plastic section modulus, Zv......................... = 1.99945976e+06
	Principle plastic section modulus, Zw......................... = 1.99945976e+06
	Radius of gyration, rv........................................ = 5.77350269e+01
	Radius of gyration, rw........................................ = 5.77350269e+01
	Wagner Coefficient, βv........................................ = 9.99181649e-04
	Wagner Coefficient, βw........................................ = -1.36181421e-02
	Wagner Coefficient, βω........................................ = 2.49798470e-03
	Shear Coefficient, kv......................................... = 8.29528853e-01
	Shear Coefficient, kw......................................... = 8.29730518e-01

********************************************************************************
~~~~~~~~~~~~~~~~~~~~~~~~~~~~~~~~~~~~~~ END ~~~~~~~~~~~~~~~~~~~~~~~~~~~~~~~~~~~~~
********************************************************************************
********************************************************************************
Run time = 9.43 s
********************************************************************************
