
********************************************************************************
~~~~~~~~~~~~~~~~~~~~~~~~~~~~~~~~ SOLUTION START ~~~~~~~~~~~~~~~~~~~~~~~~~~~~~~~~
********************************************************************************

Calculating Section Properties...
	NUM. OF Fibers.... = 620
Calculating Torsion Properties...
Solving Warping Functions 344 ¡Á 344...
Calculating Shear Properties...
Solving Shear Functions 344 ¡Á 344...
Solving Principle Shear Functions 344 ¡Á 344...

********************************************************************************
~~~~~~~~~~~~~~~~~~~~~~~~~~~~~~~ BASIC PROPERTIES ~~~~~~~~~~~~~~~~~~~~~~~~~~~~~~~
********************************************************************************

* GENERAL
	Cross-Section Area, A......................................... = 1.17138926e+05
	Centroid, Y................................................... = -3.02122331e+02
	Centroid, Z................................................... = 5.62383179e+02
	Plastic Centroid, Yp.......................................... = -3.29580089e+02
	Plastic Centroid, Zp.......................................... = 6.19888298e+02
	Shear Centre WRT Centroid, Ys................................. = 5.11652990e+01
	Shear Centre WRT Centroid, Zs................................. = -1.02546211e+02
	Torsional Constant, J......................................... = 2.04708893e+10
	Warping Constant, Iomg........................................ = 2.08625612e+13
	Principle bending angle (rad)................................. = 1.38040748e+00
	Principle bending angle (deg)................................. = 7.90915228e+01

* SECTION PROPERTIES ABOUT USER-DEFINED AXIS
	Moment of Inertia, Iy......................................... = 4.94725928e+09
	Moment of Inertia, Iz......................................... = 2.31396234e+09
	Product of Inertia, Iyz....................................... = -5.27073808e+08
	Elastic Section Modulus, Sy................................... = 0.00000000e+00
	Elastic Section Modulus, Sz................................... = 0.00000000e+00
	Plastic Section Modulus, Zy................................... = 0.00000000e+00
	Plastic Section Modulus, Zz................................... = 0.00000000e+00
	Plastic Tortional Modulus, Zt................................. = 2.02131401e+08
	Radius of Gyration, ry........................................ = 2.05509412e+02
	Radius of Gyration, rz........................................ = 1.40548924e+02
	Wagner Coefficient, Betay..................................... = -3.25702904e+01
	Wagner Coefficient, Betaz..................................... = 8.02972890e+01
	Wagner Coefficient, Betaomg................................... = 1.01196940e+00
	Shear Coefficient, ky......................................... = 1.21149303e-01
	Shear Coefficient, kz......................................... = 7.00124707e-02

* SECTION PROPERTIES ABOUT PRINCIPAL AXIS
	Principle moment of inertia, Iv............................... = 2.21238305e+09
	Principle moment of inertia, Iw............................... = 5.04883858e+09
	Principle elastic section modulus, Sv......................... = 0.00000000e+00
	Principle elastic section modulus, Sw......................... = 0.00000000e+00
	Principle plastic section modulus, Zv......................... = 0.00000000e+00
	Principle plastic section modulus, Zw......................... = 0.00000000e+00
	Radius of gyration, rv........................................ = 1.37429366e+02
	Radius of gyration, rw........................................ = 2.07608497e+02
	Wagner Coefficient, Betav..................................... = 2.53191957e+01
	Wagner Coefficient, Betaw..................................... = 2.37611193e+01
	Wagner Coefficient, Betaomg................................... = 1.01196940e+00
	Shear Coefficient, kv......................................... = 7.82587037e-03
	Shear Coefficient, kw......................................... = 7.74805786e-02

