********************************************************************************
~~~~~~~~~~~~~~~~~~~~~~~~~~~~~~~~~~~~~ MASTAN3 ~~~~~~~~~~~~~~~~~~~~~~~~~~~~~~~~~~ 
********************************************************************************
   
Programe Name:  Mastan3 - Frame Analysis Module(v1.0.0) 
Authors:  Developed by Mastan Team
Last Revised:  Last Revised: Apr. 01, 2022 
Note: MASTAN3 - Python-based Cross-platforms Frame Analysis Software
		
********************************************************************************
~~~~~~~~~~~~~~~~~~~~~~~~~~~~~~~~ MODEL INFORMATION ~~~~~~~~~~~~~~~~~~~~~~~~~~~~~ 
********************************************************************************
* DESCRIPTION
	This example is provided for testing linear analysis in MASTAN3.0.0
* SUMMARY
	NUM. OF NODES........................................ = 3
	NUM. OF MEMBERS...................................... = 2
	NUM. OF MATERIALS.................................... = 2
	NUM. OF SECTIONS..................................... = 2
	NUM. OF BOUNDARY..................................... = 2
	NUM. OF JOINTLOAD.................................... = 2
		
* ANALYSIS PARAMETERS
	TYPE ................................................ = staticLinear
	TARGET LOAD FACTOR................................... = 5.0
		
* MATERIAL DEFINITION
	ID = 001; E = 2.1000e+08; G = 8.0770e+07; FY = 0.0000e+00; DENSITY = 0.0000e+00; 
	ID = 100; E = 2.7000e+08; G = 8.0770e+07; FY = 3.0000e-01; DENSITY = 1.0000e+02; 
		
* SECTION DEFINITION
	ID = 001; ELEMENT TYPE = Warping Beam-Column Element; 
	MAT. ID = 001; A = 4.4620e-03; Iy = 3.3940e-06; Iz = 6.1710e-05; J = 1.2640e-07; 
	Cw = 2.7990e-08; yc = 8.6270e-02; zc = 0.0000e+00; ky = 5.0000e-01; kz = 7.0000e-01; 
	betay = 0.0000e+00; betaz = -2.0770e-01; betaw = 0.0000e+00; 
xxxxxxxxxxxxxxxxxxxxxxxxxxxxxxxxxxxxxxxxxx
	ID = 099; ELEMENT TYPE = Warping Beam-Column Element; 
	MAT. ID = 001; A = 4.4620e-03; Iy = 3.3940e-06; Iz = 6.1710e-05; J = 1.2640e-07; 
	Cw = 2.7990e-08; yc = 8.6270e-02; zc = 0.0000e+00; ky = 1.0000e+02; kz = 1.0000e+02; 
	betay = 0.0000e+00; betaz = -2.0770e-01; betaw = 0.0000e+00; 
xxxxxxxxxxxxxxxxxxxxxxxxxxxxxxxxxxxxxxxxxx
		
* NODAL COORDINATES IN GLOBAL AXIS   
	ID.		X-COOR.			Y-COOR.			Z-COOR.
	1		0.0000e+00		0.0000e+00		0.0000e+00
	2		3.0000e+00		0.0000e+00		0.0000e+00
	3		6.0000e+00		0.0000e+00		0.0000e+00
		
* MEMBER CONNECTIVITY
	ID.		SECT.		NODE I		NODE J		BETA
	1		1			1			2			0.0000e+00
	2		1			2			3			0.0000e+00
		
* BOUNDARY
	ID.		UX		UY		UZ		RX		RY		RZ
	1		1		1		1		1		0		0
	3		0		1		1		1		0		0
		
* JOINTLOAD
	ID.		FX			FY			FZ			MX			MY			MZ
	1	0.000e+00	0.000e+00	0.000e+00	0.000e+00	0.000e+00	1.000e+00
	3	0.000e+00	0.000e+00	0.000e+00	0.000e+00	0.000e+00	-1.000e+00
		
********************************************************************************
~~~~~~~~~~~~~~~~~~~~~~~~~~~~~~~~~ SOLUTION START ~~~~~~~~~~~~~~~~~~~~~~~~~~~~~~~
********************************************************************************

Start 1st-order elastic analysis ...
TIME = -1 ; LOAD FACTOR = 5.0000; 
STEP = 001; ITER.= 01; NORM detU/U,resF/FCE= 1.0000e+00, 1.0000e+00

********************************************************************************
Run time = 0.01 s
********************************************************************************
   
********************************************************************************
~~~~~~~~~~~~~~~~~~~~~~~~~~~~~~~~~~~~~~ END ~~~~~~~~~~~~~~~~~~~~~~~~~~~~~~~~~~~~~ 
********************************************************************************

